<?xml version="1.0" encoding="UTF-8"?>
<!-- Generated by org.testng.reporters.JUnitXMLReporter -->
<testsuite ignored="0" hostname="MSI" failures="1" tests="2" name="Default test" time="65.631" errors="0" timestamp="2021-07-26T19:46:38 IST">
  <testcase classname="com.bookmyshow.in.SportsSearchSuite" name="searchSuite" time="37.7">
    <failure type="java.lang.Error" message="Unresolved compilation problems: 
	LinkedHashMap cannot be resolved to a type
	LinkedHashMap cannot be resolved to a type
	ArrayList cannot be resolved to a type
	ArrayList cannot be resolved to a type
	Map cannot be resolved to a type
	Type mismatch: cannot convert from element type Map.Entry&amp;lt;String,Integer&amp;gt; to Map
	Collections cannot be resolved
	Comparator cannot be resolved to a type
">
      <![CDATA[java.lang.Error: Unresolved compilation problems: 
LinkedHashMap cannot be resolved to a type
LinkedHashMap cannot be resolved to a type
ArrayList cannot be resolved to a type
ArrayList cannot be resolved to a type
Map cannot be resolved to a type
Type mismatch: cannot convert from element type Map.Entry<String,Integer> to Map
Collections cannot be resolved
Comparator cannot be resolved to a type

at com.bookmyshow.in.SportsSearch.sportsPage(SportsSearch.java:130)
at com.bookmyshow.in.SportsSearchSuite.searchSuite(SportsSearchSuite.java:32)
at java.base/jdk.internal.reflect.NativeMethodAccessorImpl.invoke0(Native Method)
at java.base/jdk.internal.reflect.NativeMethodAccessorImpl.invoke(NativeMethodAccessorImpl.java:78)
at java.base/jdk.internal.reflect.DelegatingMethodAccessorImpl.invoke(DelegatingMethodAccessorImpl.java:43)
at java.base/java.lang.reflect.Method.invoke(Method.java:567)
at org.testng.internal.MethodInvocationHelper.invokeMethod(MethodInvocationHelper.java:134)
at org.testng.internal.TestInvoker.invokeMethod(TestInvoker.java:597)
at org.testng.internal.TestInvoker.invokeTestMethod(TestInvoker.java:173)
at org.testng.internal.MethodRunner.runInSequence(MethodRunner.java:46)
at org.testng.internal.TestInvoker$MethodInvocationAgent.invoke(TestInvoker.java:816)
at org.testng.internal.TestInvoker.invokeTestMethods(TestInvoker.java:146)
at org.testng.internal.TestMethodWorker.invokeTestMethods(TestMethodWorker.java:146)
at org.testng.internal.TestMethodWorker.run(TestMethodWorker.java:128)
at java.base/java.util.ArrayList.forEach(ArrayList.java:1511)
at org.testng.TestRunner.privateRun(TestRunner.java:766)
at org.testng.TestRunner.run(TestRunner.java:587)
at org.testng.SuiteRunner.runTest(SuiteRunner.java:384)
at org.testng.SuiteRunner.runSequentially(SuiteRunner.java:378)
at org.testng.SuiteRunner.privateRun(SuiteRunner.java:337)
at org.testng.SuiteRunner.run(SuiteRunner.java:286)
at org.testng.SuiteRunnerWorker.runSuite(SuiteRunnerWorker.java:53)
at org.testng.SuiteRunnerWorker.run(SuiteRunnerWorker.java:96)
at org.testng.TestNG.runSuitesSequentially(TestNG.java:1187)
at org.testng.TestNG.runSuitesLocally(TestNG.java:1109)
at org.testng.TestNG.runSuites(TestNG.java:1039)
at org.testng.TestNG.run(TestNG.java:1007)
at org.testng.remote.AbstractRemoteTestNG.run(AbstractRemoteTestNG.java:115)
at org.testng.remote.RemoteTestNG.initAndRun(RemoteTestNG.java:251)
at org.testng.remote.RemoteTestNG.main(RemoteTestNG.java:77)
]]>
    </failure>
  </testcase> <!-- searchSuite -->
  <testcase classname="com.bookmyshow.in.SportsSearchSuite" name="movieSearchSuite" time="14.137"/>
</testsuite> <!-- Default test -->
