<?xml version="1.0" encoding="UTF-8"?>
<testng-results ignored="0" total="2" passed="1" failed="1" skipped="0">
  <reporter-output>
    <line>
      <![CDATA[Error message for invalid email is:]]>
    </line>
    <line>
      <![CDATA[Enter a valid email or phone number]]>
    </line>
    <line>
      <![CDATA[All available languages are:]]>
    </line>
  </reporter-output>
  <suite started-at="2021-07-26T19:45:32 IST" name="Default suite" finished-at="2021-07-26T19:46:38 IST" duration-ms="65631">
    <groups>
      <group name="Regression">
        <method signature="SportsSearchSuite.movieSearchSuite()[pri:1, instance:com.bookmyshow.in.SportsSearchSuite@41e1e210]" name="movieSearchSuite" class="com.bookmyshow.in.SportsSearchSuite"/>
      </group> <!-- Regression -->
      <group name="Smoke">
        <method signature="SportsSearchSuite.searchSuite()[pri:0, instance:com.bookmyshow.in.SportsSearchSuite@41e1e210]" name="searchSuite" class="com.bookmyshow.in.SportsSearchSuite"/>
      </group> <!-- Smoke -->
    </groups>
    <test started-at="2021-07-26T19:45:32 IST" name="Default test" finished-at="2021-07-26T19:46:38 IST" duration-ms="65631">
      <class name="com.bookmyshow.in.SportsSearchSuite">
        <test-method is-config="true" signature="launchBrowserAndLoadURL()[pri:0, instance:com.bookmyshow.in.SportsSearchSuite@41e1e210]" started-at="2021-07-26T19:45:32 IST" name="launchBrowserAndLoadURL" finished-at="2021-07-26T19:45:46 IST" duration-ms="13473" status="PASS">
          <reporter-output>
          </reporter-output>
        </test-method> <!-- launchBrowserAndLoadURL -->
        <test-method signature="searchSuite()[pri:0, instance:com.bookmyshow.in.SportsSearchSuite@41e1e210]" started-at="2021-07-26T19:45:46 IST" name="searchSuite" finished-at="2021-07-26T19:46:23 IST" duration-ms="37700" status="FAIL">
          <exception class="java.lang.Error">
            <message>
              <![CDATA[Unresolved compilation problems: 
LinkedHashMap cannot be resolved to a type
LinkedHashMap cannot be resolved to a type
ArrayList cannot be resolved to a type
ArrayList cannot be resolved to a type
Map cannot be resolved to a type
Type mismatch: cannot convert from element type Map.Entry<String,Integer> to Map
Collections cannot be resolved
Comparator cannot be resolved to a type
]]>
            </message>
            <full-stacktrace>
              <![CDATA[java.lang.Error: Unresolved compilation problems: 
LinkedHashMap cannot be resolved to a type
LinkedHashMap cannot be resolved to a type
ArrayList cannot be resolved to a type
ArrayList cannot be resolved to a type
Map cannot be resolved to a type
Type mismatch: cannot convert from element type Map.Entry<String,Integer> to Map
Collections cannot be resolved
Comparator cannot be resolved to a type

at com.bookmyshow.in.SportsSearch.sportsPage(SportsSearch.java:130)
at com.bookmyshow.in.SportsSearchSuite.searchSuite(SportsSearchSuite.java:32)
at java.base/jdk.internal.reflect.NativeMethodAccessorImpl.invoke0(Native Method)
at java.base/jdk.internal.reflect.NativeMethodAccessorImpl.invoke(NativeMethodAccessorImpl.java:78)
at java.base/jdk.internal.reflect.DelegatingMethodAccessorImpl.invoke(DelegatingMethodAccessorImpl.java:43)
at java.base/java.lang.reflect.Method.invoke(Method.java:567)
at org.testng.internal.MethodInvocationHelper.invokeMethod(MethodInvocationHelper.java:134)
at org.testng.internal.TestInvoker.invokeMethod(TestInvoker.java:597)
at org.testng.internal.TestInvoker.invokeTestMethod(TestInvoker.java:173)
at org.testng.internal.MethodRunner.runInSequence(MethodRunner.java:46)
at org.testng.internal.TestInvoker$MethodInvocationAgent.invoke(TestInvoker.java:816)
at org.testng.internal.TestInvoker.invokeTestMethods(TestInvoker.java:146)
at org.testng.internal.TestMethodWorker.invokeTestMethods(TestMethodWorker.java:146)
at org.testng.internal.TestMethodWorker.run(TestMethodWorker.java:128)
at java.base/java.util.ArrayList.forEach(ArrayList.java:1511)
at org.testng.TestRunner.privateRun(TestRunner.java:766)
at org.testng.TestRunner.run(TestRunner.java:587)
at org.testng.SuiteRunner.runTest(SuiteRunner.java:384)
at org.testng.SuiteRunner.runSequentially(SuiteRunner.java:378)
at org.testng.SuiteRunner.privateRun(SuiteRunner.java:337)
at org.testng.SuiteRunner.run(SuiteRunner.java:286)
at org.testng.SuiteRunnerWorker.runSuite(SuiteRunnerWorker.java:53)
at org.testng.SuiteRunnerWorker.run(SuiteRunnerWorker.java:96)
at org.testng.TestNG.runSuitesSequentially(TestNG.java:1187)
at org.testng.TestNG.runSuitesLocally(TestNG.java:1109)
at org.testng.TestNG.runSuites(TestNG.java:1039)
at org.testng.TestNG.run(TestNG.java:1007)
at org.testng.remote.AbstractRemoteTestNG.run(AbstractRemoteTestNG.java:115)
at org.testng.remote.RemoteTestNG.initAndRun(RemoteTestNG.java:251)
at org.testng.remote.RemoteTestNG.main(RemoteTestNG.java:77)
]]>
            </full-stacktrace>
          </exception> <!-- java.lang.Error -->
          <reporter-output>
            <line>
              <![CDATA[Error message for invalid email is:]]>
            </line>
            <line>
              <![CDATA[Enter a valid email or phone number]]>
            </line>
          </reporter-output>
        </test-method> <!-- searchSuite -->
        <test-method signature="movieSearchSuite()[pri:1, instance:com.bookmyshow.in.SportsSearchSuite@41e1e210]" started-at="2021-07-26T19:46:23 IST" name="movieSearchSuite" finished-at="2021-07-26T19:46:38 IST" duration-ms="14137" status="PASS">
          <reporter-output>
            <line>
              <![CDATA[All available languages are:]]>
            </line>
          </reporter-output>
        </test-method> <!-- movieSearchSuite -->
        <test-method is-config="true" signature="closeSuite()[pri:0, instance:com.bookmyshow.in.SportsSearchSuite@41e1e210]" started-at="2021-07-26T19:46:38 IST" name="closeSuite" finished-at="2021-07-26T19:46:38 IST" duration-ms="214" status="PASS">
          <reporter-output>
          </reporter-output>
        </test-method> <!-- closeSuite -->
      </class> <!-- com.bookmyshow.in.SportsSearchSuite -->
    </test> <!-- Default test -->
  </suite> <!-- Default suite -->
</testng-results>
